SELECT w.*, u.fullName 
        FROM wishVideo w 
        INNER JOIN userProfile u 
        ON w.userID=u.userID 
        WHERE 
        receiveDateTime >= '2017-01-21 21:19:01' AND receiveDateTime <= '2017-01-21 21:24:01'SELECT w.*, u.fullName 
        FROM wishVideo w 
        INNER JOIN userProfile u 
        ON w.userID=u.userID 
        WHERE 
        receiveDateTime >= '2017-01-21 21:20:01' AND receiveDateTime <= '2017-01-21 21:25:01'SELECT w.*, u.fullName 
        FROM wishVideo w 
        INNER JOIN userProfile u 
        ON w.userID=u.userID 
        WHERE 
        receiveDateTime >= '2017-01-21 21:21:02' AND receiveDateTime <= '2017-01-21 21:26:02'SELECT w.*, u.fullName 
        FROM wishVideo w 
        INNER JOIN userProfile u 
        ON w.userID=u.userID 
        WHERE 
        receiveDateTime >= '2017-01-21 21:22:01' AND receiveDateTime <= '2017-01-21 21:27:01'SELECT w.*, u.fullName 
        FROM wishVideo w 
        INNER JOIN userProfile u 
        ON w.userID=u.userID 
        WHERE 
        receiveDateTime >= '2017-01-21 21:23:01' AND receiveDateTime <= '2017-01-21 21:28:01'SELECT w.*, u.fullName 
        FROM wishVideo w 
        INNER JOIN userProfile u 
        ON w.userID=u.userID 
        WHERE 
        receiveDateTime >= '2017-01-21 21:24:01' AND receiveDateTime <= '2017-01-21 21:29:01'SELECT w.*, u.fullName 
        FROM wishVideo w 
        INNER JOIN userProfile u 
        ON w.userID=u.userID 
        WHERE 
        receiveDateTime >= '2017-01-21 21:25:01' AND receiveDateTime <= '2017-01-21 21:30:01'SELECT w.*, u.fullName 
        FROM wishVideo w 
        INNER JOIN userProfile u 
        ON w.userID=u.userID 
        WHERE 
        receiveDateTime >= '2017-01-21 21:26:01' AND receiveDateTime <= '2017-01-21 21:31:01'SELECT w.*, u.fullName 
        FROM wishVideo w 
        INNER JOIN userProfile u 
        ON w.userID=u.userID 
        WHERE 
        receiveDateTime >= '2017-01-21 21:27:01' AND receiveDateTime <= '2017-01-21 21:32:01'SELECT w.*, u.fullName 
        FROM wishVideo w 
        INNER JOIN userProfile u 
        ON w.userID=u.userID 
        WHERE 
        receiveDateTime >= '2017-01-21 21:28:02' AND receiveDateTime <= '2017-01-21 21:33:02'SELECT w.*, u.fullName 
        FROM wishVideo w 
        INNER JOIN userProfile u 
        ON w.userID=u.userID 
        WHERE 
        receiveDateTime >= '2017-01-21 21:29:01' AND receiveDateTime <= '2017-01-21 21:34:01'SELECT w.*, u.fullName 
        FROM wishVideo w 
        INNER JOIN userProfile u 
        ON w.userID=u.userID 
        WHERE 
        receiveDateTime >= '2017-01-21 21:30:01' AND receiveDateTime <= '2017-01-21 21:35:01'SELECT w.*, u.fullName 
        FROM wishVideo w 
        INNER JOIN userProfile u 
        ON w.userID=u.userID 
        WHERE 
        receiveDateTime >= '2017-01-21 21:31:01' AND receiveDateTime <= '2017-01-21 21:36:01'SELECT w.*, u.fullName 
        FROM wishVideo w 
        INNER JOIN userProfile u 
        ON w.userID=u.userID 
        WHERE 
        receiveDateTime >= '2017-01-21 21:32:01' AND receiveDateTime <= '2017-01-21 21:37:01'SELECT w.*, u.fullName 
        FROM wishVideo w 
        INNER JOIN userProfile u 
        ON w.userID=u.userID 
        WHERE 
        receiveDateTime >= '2017-01-21 21:33:01' AND receiveDateTime <= '2017-01-21 21:38:01'SELECT w.*, u.fullName 
        FROM wishVideo w 
        INNER JOIN userProfile u 
        ON w.userID=u.userID 
        WHERE 
        receiveDateTime >= '2017-01-21 21:34:02' AND receiveDateTime <= '2017-01-21 21:39:02'SELECT w.*, u.fullName 
        FROM wishVideo w 
        INNER JOIN userProfile u 
        ON w.userID=u.userID 
        WHERE 
        receiveDateTime >= '2017-01-21 21:35:01' AND receiveDateTime <= '2017-01-21 21:40:01'SELECT w.*, u.fullName 
        FROM wishVideo w 
        INNER JOIN userProfile u 
        ON w.userID=u.userID 
        WHERE 
        receiveDateTime >= '2017-01-21 21:36:01' AND receiveDateTime <= '2017-01-21 21:41:01'SELECT w.*, u.fullName 
        FROM wishVideo w 
        INNER JOIN userProfile u 
        ON w.userID=u.userID 
        WHERE 
        receiveDateTime >= '2017-01-21 21:37:01' AND receiveDateTime <= '2017-01-21 21:42:01'SELECT w.*, u.fullName 
        FROM wishVideo w 
        INNER JOIN userProfile u 
        ON w.userID=u.userID 
        WHERE 
        receiveDateTime >= '2017-01-21 21:38:01' AND receiveDateTime <= '2017-01-21 21:43:01'SELECT w.*, u.fullName 
        FROM wishVideo w 
        INNER JOIN userProfile u 
        ON w.userID=u.userID 
        WHERE 
        receiveDateTime >= '2017-01-21 21:39:01' AND receiveDateTime <= '2017-01-21 21:44:01'SELECT w.*, u.fullName 
        FROM wishVideo w 
        INNER JOIN userProfile u 
        ON w.userID=u.userID 
        WHERE 
        receiveDateTime >= '2017-01-21 21:40:02' AND receiveDateTime <= '2017-01-21 21:45:02'SELECT w.*, u.fullName 
        FROM wishVideo w 
        INNER JOIN userProfile u 
        ON w.userID=u.userID 
        WHERE 
        receiveDateTime >= '2017-01-21 21:41:01' AND receiveDateTime <= '2017-01-21 21:46:01'SELECT w.*, u.fullName 
        FROM wishVideo w 
        INNER JOIN userProfile u 
        ON w.userID=u.userID 
        WHERE 
        receiveDateTime >= '2017-01-21 21:42:01' AND receiveDateTime <= '2017-01-21 21:47:01'SELECT w.*, u.fullName 
        FROM wishVideo w 
        INNER JOIN userProfile u 
        ON w.userID=u.userID 
        WHERE 
        receiveDateTime >= '2017-01-21 21:43:01' AND receiveDateTime <= '2017-01-21 21:48:01'SELECT w.*, u.fullName 
        FROM wishVideo w 
        INNER JOIN userProfile u 
        ON w.userID=u.userID 
        WHERE 
        receiveDateTime >= '2017-01-21 21:44:01' AND receiveDateTime <= '2017-01-21 21:49:01'SELECT w.*, u.fullName 
        FROM wishVideo w 
        INNER JOIN userProfile u 
        ON w.userID=u.userID 
        WHERE 
        receiveDateTime >= '2017-01-21 21:45:01' AND receiveDateTime <= '2017-01-21 21:50:01'SELECT w.*, u.fullName 
        FROM wishVideo w 
        INNER JOIN userProfile u 
        ON w.userID=u.userID 
        WHERE 
        receiveDateTime >= '2017-01-21 21:46:01' AND receiveDateTime <= '2017-01-21 21:51:01'SELECT w.*, u.fullName 
        FROM wishVideo w 
        INNER JOIN userProfile u 
        ON w.userID=u.userID 
        WHERE 
        receiveDateTime >= '2017-01-21 21:47:02' AND receiveDateTime <= '2017-01-21 21:52:02'SELECT w.*, u.fullName 
        FROM wishVideo w 
        INNER JOIN userProfile u 
        ON w.userID=u.userID 
        WHERE 
        receiveDateTime >= '2017-01-21 21:48:01' AND receiveDateTime <= '2017-01-21 21:53:01'SELECT w.*, u.fullName 
        FROM wishVideo w 
        INNER JOIN userProfile u 
        ON w.userID=u.userID 
        WHERE 
        receiveDateTime >= '2017-01-21 21:49:01' AND receiveDateTime <= '2017-01-21 21:54:01'SELECT w.*, u.fullName 
        FROM wishVideo w 
        INNER JOIN userProfile u 
        ON w.userID=u.userID 
        WHERE 
        receiveDateTime >= '2017-01-21 21:50:01' AND receiveDateTime <= '2017-01-21 21:55:01'SELECT w.*, u.fullName 
        FROM wishVideo w 
        INNER JOIN userProfile u 
        ON w.userID=u.userID 
        WHERE 
        receiveDateTime >= '2017-01-21 21:51:01' AND receiveDateTime <= '2017-01-21 21:56:01'SELECT w.*, u.fullName 
        FROM wishVideo w 
        INNER JOIN userProfile u 
        ON w.userID=u.userID 
        WHERE 
        receiveDateTime >= '2017-01-21 21:52:01' AND receiveDateTime <= '2017-01-21 21:57:01'SELECT w.*, u.fullName 
        FROM wishVideo w 
        INNER JOIN userProfile u 
        ON w.userID=u.userID 
        WHERE 
        receiveDateTime >= '2017-01-21 21:53:01' AND receiveDateTime <= '2017-01-21 21:58:01'SELECT w.*, u.fullName 
        FROM wishVideo w 
        INNER JOIN userProfile u 
        ON w.userID=u.userID 
        WHERE 
        receiveDateTime >= '2017-01-21 21:54:02' AND receiveDateTime <= '2017-01-21 21:59:02'SELECT w.*, u.fullName 
        FROM wishVideo w 
        INNER JOIN userProfile u 
        ON w.userID=u.userID 
        WHERE 
        receiveDateTime >= '2017-01-21 21:55:01' AND receiveDateTime <= '2017-01-21 22:00:01'